<?xml version="1.0" encoding="UTF-8"?>
<!-- Generated by org.testng.reporters.JUnitReportReporter -->
<testsuite hostname="PedramResearch" failures="0" tests="2" name="TestCases" time="0.004" errors="0" timestamp="2023-03-14T14:21:45 EDT" skipped="0">
  <testcase classname="TestCases" name="test2" time="0.004"/>
  <system-out/>
  <testcase classname="TestCases" name="test1" time="0.000"/>
  <system-out/>
</testsuite> <!-- TestCases -->
